<?xml version="1.0" encoding="UTF-8"?>
<testsuite xmlns:xsi="http://www.w3.org/2001/XMLSchema-instance" xsi:noNamespaceSchemaLocation="https://maven.apache.org/surefire/maven-surefire-plugin/xsd/surefire-test-report-3.0.xsd" version="3.0" name="program1.CalculatorTest" time="0.093" tests="7" errors="0" skipped="0" failures="0">
  <properties>
[...]
</properties>
  <testcase name="exceptionTesting" classname="program1.CalculatorTest" time="0.034"/>
  <testcase name="testDivideWithZero" classname="program1.CalculatorTest" time="0.003"/>
  <testcase name="testDivideWithZero" classname="program1.CalculatorTest" time="0.001"/>
  <testcase name="testDivideWithZero" classname="program1.CalculatorTest" time="0.002"/>
  <testcase name="testDivideWithZero" classname="program1.CalculatorTest" time="0.001"/>
  <testcase name="testDivideWithZero" classname="program1.CalculatorTest" time="0.001"/>
  <testcase name="testDivide" classname="program1.CalculatorTest" time="0.001"/>
</testsuite>